<?xml version="1.0" encoding="UTF-8"?>
<!-- Generated by org.testng.reporters.JUnitXMLReporter -->
<testsuite hostname="GYANESH-PC" ignored="0" name="Default test" tests="3" failures="0" timestamp="14 Mar 2019 07:29:23 GMT" time="39.068" errors="0">
  <testcase name="loginPageTitleTest" time="0.03" classname="com.qa.hubspot.tests.LoginTest"/>
  <testcase name="forgotPwdLinkTest" time="0.31" classname="com.qa.hubspot.tests.LoginTest"/>
  <testcase name="login_CorrectData_Test" time="0.881" classname="com.qa.hubspot.tests.LoginTest"/>
</testsuite> <!-- Default test -->
