<?xml version="1.0" encoding="UTF-8"?>
<!-- Generated by org.testng.reporters.JUnitXMLReporter -->
<testsuite hostname="GYANESH-PC" ignored="0" name="hub spot sanity Test" tests="1" failures="1" timestamp="14 Mar 2019 07:29:45 GMT" time="10.737" errors="0">
  <testcase name="verifyHomePageTitleTest" time="0.062" classname="com.qa.hubspot.tests.HomePageTest">
    <failure type="java.lang.ClassCastException" message="java.lang.ThreadLocal cannot be cast to org.openqa.selenium.WebDriver">
      <![CDATA[java.lang.ClassCastException: java.lang.ThreadLocal cannot be cast to org.openqa.selenium.WebDriver
at com.qa.hubspot.pages.HomePage.getHomePageTitle(HomePage.java:35)
at com.qa.hubspot.tests.HomePageTest.verifyHomePageTitleTest(HomePageTest.java:36)
... Removed 25 stack frames]]>
    </failure>
  </testcase> <!-- verifyHomePageTitleTest -->
</testsuite> <!-- hub spot sanity Test -->
